#
# There is insufficient memory for the Java Runtime Environment to continue.
# Native memory allocation (mmap) failed to map 67108864 bytes for Failed to commit area from 0x00000000c1a00000 to 0x00000000c5a00000 of length 67108864.
# Possible reasons:
#   The system is out of physical RAM or swap space
#   The process is running with CompressedOops enabled, and the Java Heap may be blocking the growth of the native heap
# Possible solutions:
#   Reduce memory load on the system
#   Increase physical memory or swap space
#   Check if swap backing store is full
#   Decrease Java heap size (-Xmx/-Xms)
#   Decrease number of Java threads
#   Decrease Java thread stack sizes (-Xss)
#   Set larger code cache with -XX:ReservedCodeCacheSize=
#   JVM is running with Unscaled Compressed Oops mode in which the Java heap is
#     placed in the first 4GB address space. The Java Heap base address is the
#     maximum limit for the native heap growth. Please use -XX:HeapBaseMinAddress
#     to set the Java Heap base and to place the Java Heap above 4GB virtual address.
# This output file may be truncated or incomplete.
#
#  Out of Memory Error (./open/src/hotspot/os/windows/os_windows.cpp:3315), pid=124612, tid=106396
#
# JRE version:  (14.0.2+12) (build )
# Java VM: OpenJDK 64-Bit Server VM (14.0.2+12-46, mixed mode, sharing, tiered, compressed oops, g1 gc, windows-amd64)
# No core dump will be written. Minidumps are not enabled by default on client versions of Windows
#

---------------  S U M M A R Y ------------

Command Line: -Djava.library.path=C:	mp --add-modules=javafx.controls,javafx.fxml --module-path=C:\Users\11\.gradle\caches\modules-2\files-2.1\org.openjfx\javafx-fxml\13.0.2\f2a1a79ed633daebccbe2d768626a5c214cb4576\javafx-fxml-13.0.2-win.jar;C:\Users\11\.gradle\caches\modules-2\files-2.1\org.openjfx\javafx-controls\13.0.2\576dbb60fdbc5d358844d2a1f1b214690f2a61bc\javafx-controls-13.0.2-win.jar;C:\Users\11\.gradle\caches\modules-2\files-2.1\org.openjfx\javafx-graphics\13.0.2\d1ac58a077a72518a0e0b254465a104c828249a3\javafx-graphics-13.0.2-win.jar;C:\Users\11\.gradle\caches\modules-2\files-2.1\org.openjfx\javafx-base\13.0.2\ecf0e5d615eb4729acfb0151f9bad8f4dcc068f8\javafx-base-13.0.2-win.jar -Dfile.encoding=GBK -Duser.country=CN -Duser.language=zh -Duser.variant comp3111.popnames.MyApplication

Host: Intel(R) Celeron(R) CPU 3865U @ 1.80GHz, 2 cores, 3G,  Windows 10 , 64 bit Build 18362 (10.0.18362.1082)
Time: Sat Oct 24 17:20:50 2020 ?D1¨²¡À¨º¡Á?¨º¡À?? elapsed time: 0 seconds (0d 0h 0m 0s)

---------------  T H R E A D  ---------------

Current thread (0x000001e1c85ab000):  JavaThread "Unknown thread" [_thread_in_vm, id=106396, stack(0x00000032c3100000,0x00000032c3200000)]

Stack: [0x00000032c3100000,0x00000032c3200000]
Native frames: (J=compiled Java code, j=interpreted, Vv=VM code, C=native code)
V  [jvm.dll+0x5f8a9a]
V  [jvm.dll+0x74247a]
V  [jvm.dll+0x743c2f]
V  [jvm.dll+0x744273]
V  [jvm.dll+0x20d288]
V  [jvm.dll+0x5f5dea]
V  [jvm.dll+0x5eac45]
V  [jvm.dll+0x2c7e9c]
V  [jvm.dll+0x2c7cd2]
V  [jvm.dll+0x2cdbbc]
V  [jvm.dll+0x313fe8]
V  [jvm.dll+0x313710]
V  [jvm.dll+0x2a092a]
V  [jvm.dll+0x2a1a79]
V  [jvm.dll+0x71fd48]
V  [jvm.dll+0x321c14]
V  [jvm.dll+0x70112c]
V  [jvm.dll+0x392def]
V  [jvm.dll+0x394e61]
C  [jli.dll+0x524b]
C  [ucrtbase.dll+0x20e82]
C  [KERNEL32.DLL+0x17bd4]
C  [ntdll.dll+0x6ce51]


---------------  P R O C E S S  ---------------

Threads class SMR info:
_java_thread_list=0x00007ffd930c3038, length=0, elements={
}

Java Threads: ( => current thread )

Other Threads:
  0x000001e1c85dc000 GCTaskThread "GC Thread#0" [stack: 0x00000032c3200000,0x00000032c3300000] [id=35704]
  0x000001e1c85e5800 ConcurrentGCThread "G1 Main Marker" [stack: 0x00000032c3300000,0x00000032c3400000] [id=42572]
  0x000001e1c85e7800 ConcurrentGCThread "G1 Conc#0" [stack: 0x00000032c3400000,0x00000032c3500000] [id=159920]

[error occurred during error reporting (printing all threads), id 0xc0000005, EXCEPTION_ACCESS_VIOLATION (0xc0000005) at pc=0x00007ffd928f1257]

VM state:not at safepoint (not fully initialized)

VM Mutex/Monitor currently owned by a thread:  ([mutex/lock_event])
[0x000001e1c85a7ab0] Heap_lock - owner thread: 0x000001e1c85ab000

Heap address: 0x00000000c1a00000, size: 998 MB, Compressed Oops mode: 32-bit
Narrow klass base: 0x0000000000000000, Narrow klass shift: 0

GC Heap History (0 events):
No events

Deoptimization events (0 events):
No events

Classes unloaded (0 events):
No events

Classes redefined (0 events):
No events

Internal exceptions (0 events):
No events

Events (2 events):
Event: 0.014 Loaded shared library C:\Users\11\.p2\pool\plugins\org.eclipse.justj.openjdk.hotspot.jre.full.win32.x86_64_14.0.2.v20200815-0932\jre\bin\java.dll
Event: 0.020 Loaded shared library C:\Users\11\.p2\pool\plugins\org.eclipse.justj.openjdk.hotspot.jre.full.win32.x86_64_14.0.2.v20200815-0932\jre\bin\zip.dll


Dynamic libraries:
0x00007ff768750000 - 0x00007ff76875d000 	C:\Users\11\.p2\pool\plugins\org.eclipse.justj.openjdk.hotspot.jre.full.win32.x86_64_14.0.2.v20200815-0932\jre\bin\java.exe
0x00007ffdbdde0000 - 0x00007ffdbdfd0000 	C:\WINDOWS\SYSTEM32\ntdll.dll
0x00007ffdbd5f0000 - 0x00007ffdbd6a2000 	C:\WINDOWS\System32\KERNEL32.DLL
0x00007ffdbada0000 - 0x00007ffdbb045000 	C:\WINDOWS\System32\KERNELBASE.dll
0x00007ffdbbd90000 - 0x00007ffdbbe8a000 	C:\WINDOWS\System32\ucrtbase.dll
0x00007ffda3a00000 - 0x00007ffda3a18000 	C:\Users\11\.p2\pool\plugins\org.eclipse.justj.openjdk.hotspot.jre.full.win32.x86_64_14.0.2.v20200815-0932\jre\bin\jli.dll
0x00007ffdbc820000 - 0x00007ffdbc9b5000 	C:\WINDOWS\System32\USER32.dll
0x00007ffdbbc10000 - 0x00007ffdbbc31000 	C:\WINDOWS\System32\win32u.dll
0x00007ffdbd410000 - 0x00007ffdbd436000 	C:\WINDOWS\System32\GDI32.dll
0x00007ffdbb050000 - 0x00007ffdbb1e6000 	C:\WINDOWS\System32\gdi32full.dll
0x00007ffdbb9f0000 - 0x00007ffdbba8e000 	C:\WINDOWS\System32\msvcp_win.dll
0x00007ffda36e0000 - 0x00007ffda36f5000 	C:\Users\11\.p2\pool\plugins\org.eclipse.justj.openjdk.hotspot.jre.full.win32.x86_64_14.0.2.v20200815-0932\jre\bin\VCRUNTIME140.dll
0x00007ffdb0b50000 - 0x00007ffdb0dd4000 	C:\WINDOWS\WinSxS\amd64_microsoft.windows.common-controls_6595b64144ccf1df_6.0.18362.1082_none_9e8193e1e45b25c1\COMCTL32.dll
0x00007ffdbc5d0000 - 0x00007ffdbc66e000 	C:\WINDOWS\System32\msvcrt.dll
0x00007ffdbca90000 - 0x00007ffdbcdc5000 	C:\WINDOWS\System32\combase.dll
0x00007ffdbc370000 - 0x00007ffdbc490000 	C:\WINDOWS\System32\RPCRT4.dll
0x00007ffdbb1f0000 - 0x00007ffdbb270000 	C:\WINDOWS\System32\bcryptPrimitives.dll
0x00007ffdbc5a0000 - 0x00007ffdbc5ce000 	C:\WINDOWS\System32\IMM32.DLL
0x00007ffda0ea0000 - 0x00007ffda0f3b000 	C:\Users\11\.p2\pool\plugins\org.eclipse.justj.openjdk.hotspot.jre.full.win32.x86_64_14.0.2.v20200815-0932\jre\bin\msvcp140.dll
0x00007ffd92640000 - 0x00007ffd9315e000 	C:\Users\11\.p2\pool\plugins\org.eclipse.justj.openjdk.hotspot.jre.full.win32.x86_64_14.0.2.v20200815-0932\jre\bin\server\jvm.dll
0x00007ffdbcdd0000 - 0x00007ffdbce73000 	C:\WINDOWS\System32\ADVAPI32.dll
0x00007ffdbc490000 - 0x00007ffdbc527000 	C:\WINDOWS\System32\sechost.dll
0x00007ffdbce80000 - 0x00007ffdbce88000 	C:\WINDOWS\System32\PSAPI.DLL
0x00007ffdb6200000 - 0x00007ffdb6209000 	C:\WINDOWS\SYSTEM32\WSOCK32.dll
0x00007ffdbc720000 - 0x00007ffdbc78f000 	C:\WINDOWS\System32\WS2_32.dll
0x00007ffdb1570000 - 0x00007ffdb1594000 	C:\WINDOWS\SYSTEM32\WINMM.dll
0x00007ffda7d40000 - 0x00007ffda7d4a000 	C:\WINDOWS\SYSTEM32\VERSION.dll
0x00007ffdb1540000 - 0x00007ffdb156d000 	C:\WINDOWS\SYSTEM32\WINMMBASE.dll
0x00007ffdbba90000 - 0x00007ffdbbada000 	C:\WINDOWS\System32\cfgmgr32.dll
0x00007ffdbacb0000 - 0x00007ffdbacc1000 	C:\WINDOWS\System32\kernel.appcore.dll
0x00007ffdb6150000 - 0x00007ffdb615a000 	C:\Users\11\.p2\pool\plugins\org.eclipse.justj.openjdk.hotspot.jre.full.win32.x86_64_14.0.2.v20200815-0932\jre\bin\jimage.dll
0x00007ffdb6e60000 - 0x00007ffdb7054000 	C:\WINDOWS\SYSTEM32\DBGHELP.DLL
0x00007ffdb2050000 - 0x00007ffdb207a000 	C:\WINDOWS\SYSTEM32\dbgcore.DLL
0x00007ffdb56c0000 - 0x00007ffdb56e5000 	C:\Users\11\.p2\pool\plugins\org.eclipse.justj.openjdk.hotspot.jre.full.win32.x86_64_14.0.2.v20200815-0932\jre\bin\java.dll
0x00007ffdb5c40000 - 0x00007ffdb5c56000 	C:\Users\11\.p2\pool\plugins\org.eclipse.justj.openjdk.hotspot.jre.full.win32.x86_64_14.0.2.v20200815-0932\jre\bin\zip.dll

dbghelp: loaded successfully - version: 4.0.5 - missing functions: none
symbol engine: initialized successfully - sym options: 0x614 - pdb path: .;C:\Users\11\.p2\pool\plugins\org.eclipse.justj.openjdk.hotspot.jre.full.win32.x86_64_14.0.2.v20200815-0932\jre\bin;C:\WINDOWS\SYSTEM32;C:\WINDOWS\WinSxS\amd64_microsoft.windows.common-controls_6595b64144ccf1df_6.0.18362.1082_none_9e8193e1e45b25c1;C:\Users\11\.p2\pool\plugins\org.eclipse.justj.openjdk.hotspot.jre.full.win32.x86_64_14.0.2.v20200815-0932\jre\bin\server

VM Arguments:
jvm_args: -Djava.library.path=C:	mp --add-modules=javafx.controls,javafx.fxml --module-path=C:\Users\11\.gradle\caches\modules-2\files-2.1\org.openjfx\javafx-fxml\13.0.2\f2a1a79ed633daebccbe2d768626a5c214cb4576\javafx-fxml-13.0.2-win.jar;C:\Users\11\.gradle\caches\modules-2\files-2.1\org.openjfx\javafx-controls\13.0.2\576dbb60fdbc5d358844d2a1f1b214690f2a61bc\javafx-controls-13.0.2-win.jar;C:\Users\11\.gradle\caches\modules-2\files-2.1\org.openjfx\javafx-graphics\13.0.2\d1ac58a077a72518a0e0b254465a104c828249a3\javafx-graphics-13.0.2-win.jar;C:\Users\11\.gradle\caches\modules-2\files-2.1\org.openjfx\javafx-base\13.0.2\ecf0e5d615eb4729acfb0151f9bad8f4dcc068f8\javafx-base-13.0.2-win.jar -Dfile.encoding=GBK -Duser.country=CN -Duser.language=zh -Duser.variant 
java_command: comp3111.popnames.MyApplication
java_class_path (initial): C:\Users\11\git\comp3111-t18\build\classes\java\main;C:\Users\11\git\comp3111-t18\build\resources\main;C:\Users\11\git\comp3111-t18\libs\apache-csv.jar;C:\Users\11\git\comp3111-t18\libs\duke-resource.jar;C:\Users\11\.gradle\caches\modules-2\files-2.1\net.sourceforge.htmlunit\htmlunit\2.31\c40a2fb813533fa8a0e1531c8c47b9ed6b54178d\htmlunit-2.31.jar;C:\Users\11\.gradle\caches\modules-2\files-2.1\org.openjfx\javafx-fxml\13.0.2\f2a1a79ed633daebccbe2d768626a5c214cb4576\javafx-fxml-13.0.2-win.jar;C:\Users\11\.gradle\caches\modules-2\files-2.1\org.openjfx\javafx-controls\13.0.2\576dbb60fdbc5d358844d2a1f1b214690f2a61bc\javafx-controls-13.0.2-win.jar;C:\Users\11\.gradle\caches\modules-2\files-2.1\org.openjfx\javafx-controls\13.0.2\d3f2c84356671d09d413466a63aec9422f7ead5b\javafx-controls-13.0.2.jar;C:\Users\11\.gradle\caches\modules-2\files-2.1\org.openjfx\javafx-graphics\13.0.2\d1ac58a077a72518a0e0b254465a104c828249a3\javafx-graphics-13.0.2-win.jar;C:\Users\11\.gradle\caches\modules-2\files-2.1\org.openjfx\javafx-graphics\13.0.2\88d1712b40343c68e7d9e62261106d6f99f595f9\javafx-graphics-13.0.2.jar;C:\Users\11\.gradle\caches\modules-2\files-2.1\org.openjfx\javafx-base\13.0.2\ecf0e5d615eb4729acfb0151f9bad8f4dcc068f8\javafx-base-13.0.2-win.jar;C:\Users\11\.gradle\caches\modules-2\files-2.1\org.openjfx\javafx-base\13.0.2\e510b506205ddbf2ec57c6345629ffa81c446f5a\javafx-base-13.0.2.jar;C:\Users\11\.gradle\caches\modules-2\files-2.1\xalan\xalan\2.7.2\d55d3f02a56ec4c25695fe67e1334ff8c2ecea23\xalan-2.7.2.jar;C:\Users\11\.gradle\caches\modules-2\files-2.1\org.apache.commons\commons-text\1.3\9abf61708a66ab5e55f6169a200dbfc584b546d9\commons-text-1.3.jar;C:\Users\11\.gradle\caches\modules-2\files-2.1\org.apache.commons\commons-lang3\3.7\557edd918fd41f9260963583ebf5a61a43a6b423\commons-lang3-3.7.jar;C:\Users\11\.gradle\caches\modules-2\files-2.1\org.apache.httpcomponents\httpmime\4.5.5\8281b24b8a493374cd2aa8a90c4156588f7dbcb6\httpmime-4.5.5.jar;C:\Users\11\.gradl
Launcher Type: SUN_STANDARD

[Global flags]
     intx CICompilerCount                          = 2                                         {product} {ergonomic}
     uint ConcGCThreads                            = 1                                         {product} {ergonomic}
     uint G1ConcRefinementThreads                  = 2                                         {product} {ergonomic}
   size_t G1HeapRegionSize                         = 1048576                                   {product} {ergonomic}
    uintx GCDrainStackTargetSize                   = 64                                        {product} {ergonomic}
   size_t InitialHeapSize                          = 67108864                                  {product} {ergonomic}
   size_t MarkStackSize                            = 4194304                                   {product} {ergonomic}
   size_t MaxHeapSize                              = 1046478848                                {product} {ergonomic}
   size_t MinHeapDeltaBytes                        = 1048576                                   {product} {ergonomic}
   size_t MinHeapSize                              = 8388608                                   {product} {ergonomic}
    uintx NonNMethodCodeHeapSize                   = 5826188                                {pd product} {ergonomic}
    uintx NonProfiledCodeHeapSize                  = 122916026                              {pd product} {ergonomic}
    uintx ProfiledCodeHeapSize                     = 122916026                              {pd product} {ergonomic}
    uintx ReservedCodeCacheSize                    = 251658240                              {pd product} {ergonomic}
     bool SegmentedCodeCache                       = true                                      {product} {ergonomic}
   size_t SoftMaxHeapSize                          = 1046478848                             {manageable} {ergonomic}
     bool UseCompressedClassPointers               = true                                 {lp64_product} {ergonomic}
     bool UseCompressedOops                        = true                                 {lp64_product} {ergonomic}
     bool UseG1GC                                  = true                                      {product} {ergonomic}
     bool UseLargePagesIndividualAllocation        = false                                  {pd product} {ergonomic}

Logging:
Log output configuration:
 #0: stdout all=warning uptime,level,tags
 #1: stderr all=off uptime,level,tags

Environment Variables:
PATH=C:/Users/11/.p2/pool/plugins/org.eclipse.justj.openjdk.hotspot.jre.full.win32.x86_64_14.0.2.v20200815-0932/jre/bin/server;C:/Users/11/.p2/pool/plugins/org.eclipse.justj.openjdk.hotspot.jre.full.win32.x86_64_14.0.2.v20200815-0932/jre/bin;C:\Program Files (x86)\Intel\iCLS Client\;C:\Program Files\Intel\iCLS Client\;C:\WINDOWS\system32;C:\WINDOWS;C:\WINDOWS\System32\Wbem;C:\WINDOWS\System32\WindowsPowerShell\v1.0\;C:\Program Files (x86)\Intel\Intel(R) Management Engine Components\DAL;C:\Program Files\Intel\Intel(R) Management Engine Components\DAL;C:\Program Files (x86)\Intel\Intel(R) Management Engine Components\IPT;C:\Program Files\Intel\Intel(R) Management Engine Components\IPT;D:\Program Files\MATLAB\R2016b\runtime\win64;D:\Program Files\MATLAB\R2016b\bin;D:\Program Files\MATLAB\R2016b\polyspace\bin;C:\WINDOWS\System32\OpenSSH\;C:\Users\11\anaconda3;C:\Users\11\anaconda3\Library\mingw-w64\bin;C:\Users\11\anaconda3\Library\usr\bin;C:\Users\11\anaconda3\Library\bin;C:\Users\11\anaconda3\Scripts;C:\Users\11\AppData\Local\Microsoft\WindowsApps;C:\Users\11\Desktop;
USERNAME=11
OS=Windows_NT
PROCESSOR_IDENTIFIER=Intel64 Family 6 Model 142 Stepping 9, GenuineIntel



---------------  S Y S T E M  ---------------

OS: Windows 10 , 64 bit Build 18362 (10.0.18362.1082)
OS uptime: 9 days 21:27 hours

CPU:total 2 (initial active 2) (2 cores per cpu, 1 threads per core) family 6 model 142 stepping 9, cmov, cx8, fxsr, mmx, sse, sse2, sse3, ssse3, sse4.1, sse4.2, popcnt, aes, clmul, erms, 3dnowpref, lzcnt, tsc, tscinvbit

Memory: 4k page, system-wide physical 3990M (339M free)
TotalPageFile size 16278M (AvailPageFile size 37M)
current process WorkingSet (physical memory assigned to process): 10M, peak: 10M
current process commit charge ("private bytes"): 47M, peak: 111M

vm_info: OpenJDK 64-Bit Server VM (14.0.2+12-46) for windows-amd64 JRE (14.0.2+12-46), built on Jul  9 2020 00:31:16 by "mach5one" with MS VC++ 15.9 (VS2017)

END.
